Arguments: 
  /Users/saifiikmalsinan/.nvm/versions/node/v14.19.1/bin/node /usr/local/Cellar/yarn/1.22.10/libexec/bin/yarn.js

PATH: 
  /Users/saifiikmalsinan/.nvm/versions/node/v14.19.1/bin:/Users/saifiikmalsinan/Library/Android/sdk/emulator:/Users/saifiikmalsinan/Library/Android/sdk/tools:/usr/local/bin:/usr/bin:/bin:/usr/sbin:/sbin:/Library/Apple/usr/bin:/usr/local/Cellar/maven/3.6.2/libexec/bin

Yarn version: 
  1.22.10

Node version: 
  14.19.1

Platform: 
  darwin x64

Trace: 
  Error: https://registry.yarnpkg.com/cids/-/cids-0.8.3.tgz: Request failed "503 Service Unavailable"
      at ResponseError.ExtendableBuiltin (/usr/local/Cellar/yarn/1.22.10/libexec/lib/cli.js:696:66)
      at new ResponseError (/usr/local/Cellar/yarn/1.22.10/libexec/lib/cli.js:802:124)
      at Request.<anonymous> (/usr/local/Cellar/yarn/1.22.10/libexec/lib/cli.js:67058:16)
      at Request.emit (events.js:400:28)
      at Request.module.exports.Request.onRequestResponse (/usr/local/Cellar/yarn/1.22.10/libexec/lib/cli.js:141626:10)
      at ClientRequest.emit (events.js:400:28)
      at HTTPParser.parserOnIncomingClient (_http_client.js:647:27)
      at HTTPParser.parserOnHeadersComplete (_http_common.js:127:17)
      at HTTPParser.execute (<anonymous>)
      at TLSSocket.socketOnData (_http_client.js:515:22)

npm manifest: 
  {
    "name": "dosasubgraph",
    "license": "UNLICENSED",
    "scripts": {
      "codegen": "graph codegen",
      "build": "graph build",
      "deploy": "graph deploy --node https://api.thegraph.com/deploy/ saifiikmal/dosasubgraph",
      "create-local": "graph create --node http://localhost:8020/ saifiikmal/dosasubgraph",
      "remove-local": "graph remove --node http://localhost:8020/ saifiikmal/dosasubgraph",
      "deploy-local": "graph deploy --node http://localhost:8020/ --ipfs http://localhost:5001 saifiikmal/dosasubgraph",
      "test": "graph test"
    },
    "dependencies": {
      "@graphprotocol/graph-cli": "0.33.0",
      "@graphprotocol/graph-ts": "0.27.0"
    },
    "devDependencies": { "matchstick-as": "0.5.0" }
  }

yarn manifest: 
  No manifest

Lockfile: 
  No lockfile
